Flow report for OACLE2
Mon Feb 10 19:07:47 2025
Quartus II 64-Bit Version 13.0.1 Build 232 06/12/2013 Service Pack 1 SJ Web Edition


---------------------
; Table of Contents ;
---------------------
  1. Legal Notice
  2. Flow Summary
  3. Flow Settings
  4. Flow Non-Default Global Settings
  5. Flow Elapsed Time
  6. Flow OS Summary
  7. Flow Log
  8. Flow Messages
  9. Flow Suppressed Messages



----------------
; Legal Notice ;
----------------
Copyright (C) 1991-2013 Altera Corporation
Your use of Altera Corporation's design tools, logic functions 
and other software and tools, and its AMPP partner logic 
functions, and any output files from any of the foregoing 
(including device programming or simulation files), and any 
associated documentation or information are expressly subject 
to the terms and conditions of the Altera Program License 
Subscription Agreement, Altera MegaCore Function License 
Agreement, or other applicable license agreement, including, 
without limitation, that your use is for the sole purpose of 
programming logic devices manufactured by Altera and sold by 
Altera or its authorized distributors.  Please refer to the 
applicable agreement for further details.



+--------------------------------------------------------------------------------------+
; Flow Summary                                                                         ;
+------------------------------------+-------------------------------------------------+
; Flow Status                        ; Successful - Mon Feb 10 19:07:47 2025           ;
; Quartus II 64-Bit Version          ; 13.0.1 Build 232 06/12/2013 SP 1 SJ Web Edition ;
; Revision Name                      ; OACLE2                                          ;
; Top-level Entity Name              ; main                                            ;
; Family                             ; Cyclone II                                      ;
; Total logic elements               ; 5,040 / 68,416 ( 7 % )                          ;
;     Total combinational functions  ; 5,017 / 68,416 ( 7 % )                          ;
;     Dedicated logic registers      ; 1,272 / 68,416 ( 2 % )                          ;
; Total registers                    ; 1272                                            ;
; Total pins                         ; 530 / 622 ( 85 % )                              ;
; Total virtual pins                 ; 0                                               ;
; Total memory bits                  ; 655,360 / 1,152,000 ( 57 % )                    ;
; Embedded Multiplier 9-bit elements ; 8 / 300 ( 3 % )                                 ;
; Total PLLs                         ; 0 / 4 ( 0 % )                                   ;
; Device                             ; EP2C70F896C6                                    ;
; Timing Models                      ; Final                                           ;
+------------------------------------+-------------------------------------------------+


+-----------------------------------------+
; Flow Settings                           ;
+-------------------+---------------------+
; Option            ; Setting             ;
+-------------------+---------------------+
; Start date & time ; 02/10/2025 19:06:12 ;
; Main task         ; Compilation         ;
; Revision Name     ; OACLE2              ;
+-------------------+---------------------+


+----------------------------------------------------------------------------------------------------------------------+
; Flow Non-Default Global Settings                                                                                     ;
+-------------------------------------+---------------------------------+---------------+-------------+----------------+
; Assignment Name                     ; Value                           ; Default Value ; Entity Name ; Section Id     ;
+-------------------------------------+---------------------------------+---------------+-------------+----------------+
; COMPILER_SIGNATURE_ID               ; 255521435034622.173922517120172 ; --            ; --          ; --             ;
; EDA_GENERATE_FUNCTIONAL_NETLIST     ; Off                             ; --            ; --          ; eda_simulation ;
; EDA_OUTPUT_DATA_FORMAT              ; Verilog Hdl                     ; --            ; --          ; eda_simulation ;
; EDA_SIMULATION_TOOL                 ; ModelSim-Altera (Verilog)       ; <None>        ; --          ; --             ;
; EDA_TIME_SCALE                      ; 1 ps                            ; --            ; --          ; eda_simulation ;
; IP_TOOL_NAME                        ; ROM: 1-PORT                     ; --            ; --          ; --             ;
; IP_TOOL_NAME                        ; RAM: 1-PORT                     ; --            ; --          ; --             ;
; IP_TOOL_VERSION                     ; 13.0                            ; --            ; --          ; --             ;
; IP_TOOL_VERSION                     ; 13.0                            ; --            ; --          ; --             ;
; MISC_FILE                           ; MemInstrucaoF.bsf               ; --            ; --          ; --             ;
; MISC_FILE                           ; MemInstrucaoF_inst.v            ; --            ; --          ; --             ;
; MISC_FILE                           ; MemInstrucaoF_bb.v              ; --            ; --          ; --             ;
; MISC_FILE                           ; DataRam.bsf                     ; --            ; --          ; --             ;
; MISC_FILE                           ; DataRam_bb.v                    ; --            ; --          ; --             ;
; PARTITION_COLOR                     ; 16764057                        ; --            ; main        ; Top            ;
; PARTITION_FITTER_PRESERVATION_LEVEL ; PLACEMENT_AND_ROUTING           ; --            ; main        ; Top            ;
; PARTITION_NETLIST_TYPE              ; SOURCE                          ; --            ; main        ; Top            ;
; PROJECT_OUTPUT_DIRECTORY            ; output_files                    ; --            ; --          ; --             ;
; TOP_LEVEL_ENTITY                    ; main                            ; OACLE2        ; --          ; --             ;
+-------------------------------------+---------------------------------+---------------+-------------+----------------+


+-------------------------------------------------------------------------------------------------------------------------------+
; Flow Elapsed Time                                                                                                             ;
+---------------------------+--------------+-------------------------+---------------------+------------------------------------+
; Module Name               ; Elapsed Time ; Average Processors Used ; Peak Virtual Memory ; Total CPU Time (on all processors) ;
+---------------------------+--------------+-------------------------+---------------------+------------------------------------+
; Analysis & Synthesis      ; 00:00:21     ; 1.0                     ; 4693 MB             ; 00:00:17                           ;
; Fitter                    ; 00:00:48     ; 1.0                     ; 5037 MB             ; 00:00:44                           ;
; Assembler                 ; 00:00:07     ; 1.0                     ; 4600 MB             ; 00:00:06                           ;
; TimeQuest Timing Analyzer ; 00:00:05     ; 1.0                     ; 4695 MB             ; 00:00:04                           ;
; EDA Netlist Writer        ; 00:00:07     ; 1.0                     ; 4599 MB             ; 00:00:05                           ;
; Total                     ; 00:01:28     ; --                      ; --                  ; 00:01:16                           ;
+---------------------------+--------------+-------------------------+---------------------+------------------------------------+


+----------------------------------------------------------------------------------------+
; Flow OS Summary                                                                        ;
+---------------------------+------------------+-----------+------------+----------------+
; Module Name               ; Machine Hostname ; OS Name   ; OS Version ; Processor type ;
+---------------------------+------------------+-----------+------------+----------------+
; Analysis & Synthesis      ; DESKTOP-R06O7J9  ; Windows 7 ; 6.2        ; x86_64         ;
; Fitter                    ; DESKTOP-R06O7J9  ; Windows 7 ; 6.2        ; x86_64         ;
; Assembler                 ; DESKTOP-R06O7J9  ; Windows 7 ; 6.2        ; x86_64         ;
; TimeQuest Timing Analyzer ; DESKTOP-R06O7J9  ; Windows 7 ; 6.2        ; x86_64         ;
; EDA Netlist Writer        ; DESKTOP-R06O7J9  ; Windows 7 ; 6.2        ; x86_64         ;
+---------------------------+------------------+-----------+------------+----------------+


------------
; Flow Log ;
------------
quartus_map --read_settings_files=on --write_settings_files=off OACLE2 -c OACLE2
quartus_fit --read_settings_files=off --write_settings_files=off OACLE2 -c OACLE2
quartus_asm --read_settings_files=off --write_settings_files=off OACLE2 -c OACLE2
quartus_sta OACLE2 -c OACLE2
quartus_eda --read_settings_files=off --write_settings_files=off OACLE2 -c OACLE2



