Analysis & Synthesis report for mgbll
Sun Feb 02 14:48:27 2025
Quartus II 64-Bit Version 13.0.1 Build 232 06/12/2013 Service Pack 1 SJ Web Edition


---------------------
; Table of Contents ;
---------------------
  1. Legal Notice
  2. Analysis & Synthesis Summary
  3. Analysis & Synthesis Settings
  4. Parallel Compilation
  5. Analysis & Synthesis Source Files Read
  6. Parameter Settings for User Entity Instance: lpm_ram_dq:mgl_prim1
  7. Analysis & Synthesis Messages



----------------
; Legal Notice ;
----------------
Copyright (C) 1991-2013 Altera Corporation
Your use of Altera Corporation's design tools, logic functions 
and other software and tools, and its AMPP partner logic 
functions, and any output files from any of the foregoing 
(including device programming or simulation files), and any 
associated documentation or information are expressly subject 
to the terms and conditions of the Altera Program License 
Subscription Agreement, Altera MegaCore Function License 
Agreement, or other applicable license agreement, including, 
without limitation, that your use is for the sole purpose of 
programming logic devices manufactured by Altera and sold by 
Altera or its authorized distributors.  Please refer to the 
applicable agreement for further details.



+-------------------------------------------------------------------------------+
; Analysis & Synthesis Summary                                                  ;
+-----------------------------+-------------------------------------------------+
; Analysis & Synthesis Status ; Failed - Sun Feb 02 14:48:27 2025               ;
; Quartus II 64-Bit Version   ; 13.0.1 Build 232 06/12/2013 SP 1 SJ Web Edition ;
; Revision Name               ; mgbll                                           ;
; Top-level Entity Name       ; mgbll                                           ;
; Family                      ; MAX3000A                                        ;
+-----------------------------+-------------------------------------------------+


+-----------------------------------------------------------------------------------------------------------+
; Analysis & Synthesis Settings                                                                             ;
+----------------------------------------------------------------------------+--------------+---------------+
; Option                                                                     ; Setting      ; Default Value ;
+----------------------------------------------------------------------------+--------------+---------------+
; Top-level entity name                                                      ; mgbll        ; mgbll         ;
; Family name                                                                ; MAX3000A     ; Cyclone IV GX ;
; Use smart compilation                                                      ; Off          ; Off           ;
; Enable parallel Assembler and TimeQuest Timing Analyzer during compilation ; On           ; On            ;
; Enable compact report table                                                ; Off          ; Off           ;
; Create Debugging Nodes for IP Cores                                        ; Off          ; Off           ;
; Preserve fewer node names                                                  ; On           ; On            ;
; Disable OpenCore Plus hardware evaluation                                  ; Off          ; Off           ;
; Verilog Version                                                            ; Verilog_2001 ; Verilog_2001  ;
; VHDL Version                                                               ; VHDL_1993    ; VHDL_1993     ;
; State Machine Processing                                                   ; Auto         ; Auto          ;
; Safe State Machine                                                         ; Off          ; Off           ;
; Extract Verilog State Machines                                             ; On           ; On            ;
; Extract VHDL State Machines                                                ; On           ; On            ;
; Ignore Verilog initial constructs                                          ; Off          ; Off           ;
; Iteration limit for constant Verilog loops                                 ; 5000         ; 5000          ;
; Iteration limit for non-constant Verilog loops                             ; 250          ; 250           ;
; Add Pass-Through Logic to Inferred RAMs                                    ; On           ; On            ;
; Infer RAMs from Raw Logic                                                  ; On           ; On            ;
; Parallel Synthesis                                                         ; On           ; On            ;
; NOT Gate Push-Back                                                         ; On           ; On            ;
; Power-Up Don't Care                                                        ; On           ; On            ;
; Remove Duplicate Registers                                                 ; On           ; On            ;
; Ignore CARRY Buffers                                                       ; Off          ; Off           ;
; Ignore CASCADE Buffers                                                     ; Off          ; Off           ;
; Ignore GLOBAL Buffers                                                      ; Off          ; Off           ;
; Ignore ROW GLOBAL Buffers                                                  ; Off          ; Off           ;
; Ignore LCELL Buffers                                                       ; Auto         ; Auto          ;
; Ignore SOFT Buffers                                                        ; Off          ; Off           ;
; Limit AHDL Integers to 32 Bits                                             ; Off          ; Off           ;
; Optimization Technique                                                     ; Speed        ; Speed         ;
; Allow XOR Gate Usage                                                       ; On           ; On            ;
; Auto Logic Cell Insertion                                                  ; On           ; On            ;
; Parallel Expander Chain Length                                             ; 4            ; 4             ;
; Auto Parallel Expanders                                                    ; On           ; On            ;
; Auto Open-Drain Pins                                                       ; On           ; On            ;
; Auto Resource Sharing                                                      ; Off          ; Off           ;
; Maximum Fan-in Per Macrocell                                               ; 100          ; 100           ;
; Use LogicLock Constraints during Resource Balancing                        ; On           ; On            ;
; Ignore translate_off and synthesis_off directives                          ; Off          ; Off           ;
; Report Parameter Settings                                                  ; On           ; On            ;
; Report Source Assignments                                                  ; On           ; On            ;
; Report Connectivity Checks                                                 ; On           ; On            ;
; HDL message level                                                          ; Level2       ; Level2        ;
; Suppress Register Optimization Related Messages                            ; Off          ; Off           ;
; Number of Removed Registers Reported in Synthesis Report                   ; 5000         ; 5000          ;
; Number of Swept Nodes Reported in Synthesis Report                         ; 5000         ; 5000          ;
; Number of Inverted Registers Reported in Synthesis Report                  ; 100          ; 100           ;
; Block Design Naming                                                        ; Auto         ; Auto          ;
; Synthesis Effort                                                           ; Auto         ; Auto          ;
; Shift Register Replacement - Allow Asynchronous Clear Signal               ; On           ; On            ;
; Pre-Mapping Resynthesis Optimization                                       ; Off          ; Off           ;
; Analysis & Synthesis Message Level                                         ; Medium       ; Medium        ;
; Disable Register Merging Across Hierarchies                                ; Auto         ; Auto          ;
; Synthesis Seed                                                             ; 1            ; 1             ;
+----------------------------------------------------------------------------+--------------+---------------+


Parallel compilation was disabled, but you have multiple processors available. Enable parallel compilation to reduce compilation time.
+-------------------------------------+
; Parallel Compilation                ;
+----------------------------+--------+
; Processors                 ; Number ;
+----------------------------+--------+
; Number detected on machine ; 12     ;
; Maximum allowed            ; 1      ;
+----------------------------+--------+


+--------------------------------------------------------------------------------------------------------------------------------------------------------------------------------------------------+
; Analysis & Synthesis Source Files Read                                                                                                                                                           ;
+--------------------------------------------------------------+-----------------+------------------------------+------------------------------------------------------------------------+---------+
; File Name with User-Entered Path                             ; Used in Netlist ; File Type                    ; File Name with Absolute Path                                           ; Library ;
+--------------------------------------------------------------+-----------------+------------------------------+------------------------------------------------------------------------+---------+
; C:/Users/Kauan/Documents/OAC/greybox_tmp/greybox_tmp/mgbll.v ; yes             ; User Verilog HDL File        ; C:/Users/Kauan/Documents/OAC/greybox_tmp/greybox_tmp/mgbll.v           ;         ;
; lpm_ram_dq.tdf                                               ; yes             ; Megafunction                 ; c:/altera/13.0sp1/quartus/libraries/megafunctions/lpm_ram_dq.tdf       ;         ;
; altram.inc                                                   ; yes             ; Megafunction                 ; c:/altera/13.0sp1/quartus/libraries/megafunctions/altram.inc           ;         ;
; lpm_mux.inc                                                  ; yes             ; Megafunction                 ; c:/altera/13.0sp1/quartus/libraries/megafunctions/lpm_mux.inc          ;         ;
; lpm_decode.inc                                               ; yes             ; Megafunction                 ; c:/altera/13.0sp1/quartus/libraries/megafunctions/lpm_decode.inc       ;         ;
; aglobal130.inc                                               ; yes             ; Megafunction                 ; c:/altera/13.0sp1/quartus/libraries/megafunctions/aglobal130.inc       ;         ;
; altram.tdf                                                   ; yes             ; Megafunction                 ; c:/altera/13.0sp1/quartus/libraries/megafunctions/altram.tdf           ;         ;
; memmodes.inc                                                 ; yes             ; Megafunction                 ; c:/altera/13.0sp1/quartus/libraries/others/maxplus2/memmodes.inc       ;         ;
; altsyncram.inc                                               ; yes             ; Megafunction                 ; c:/altera/13.0sp1/quartus/libraries/megafunctions/altsyncram.inc       ;         ;
; lpm_mux.tdf                                                  ; yes             ; Megafunction                 ; c:/altera/13.0sp1/quartus/libraries/megafunctions/lpm_mux.tdf          ;         ;
; muxlut.inc                                                   ; yes             ; Megafunction                 ; c:/altera/13.0sp1/quartus/libraries/megafunctions/muxlut.inc           ;         ;
; bypassff.inc                                                 ; yes             ; Megafunction                 ; c:/altera/13.0sp1/quartus/libraries/megafunctions/bypassff.inc         ;         ;
; altshift.inc                                                 ; yes             ; Megafunction                 ; c:/altera/13.0sp1/quartus/libraries/megafunctions/altshift.inc         ;         ;
; bypassff.tdf                                                 ; yes             ; Megafunction                 ; c:/altera/13.0sp1/quartus/libraries/megafunctions/bypassff.tdf         ;         ;
; altshift.tdf                                                 ; yes             ; Megafunction                 ; c:/altera/13.0sp1/quartus/libraries/megafunctions/altshift.tdf         ;         ;
; muxlut.tdf                                                   ; yes             ; Megafunction                 ; c:/altera/13.0sp1/quartus/libraries/megafunctions/muxlut.tdf           ;         ;
; lpm_decode.tdf                                               ; yes             ; Megafunction                 ; c:/altera/13.0sp1/quartus/libraries/megafunctions/lpm_decode.tdf       ;         ;
; declut.inc                                                   ; yes             ; Megafunction                 ; c:/altera/13.0sp1/quartus/libraries/megafunctions/declut.inc           ;         ;
; lpm_compare.inc                                              ; yes             ; Megafunction                 ; c:/altera/13.0sp1/quartus/libraries/megafunctions/lpm_compare.inc      ;         ;
; lpm_constant.inc                                             ; yes             ; Megafunction                 ; c:/altera/13.0sp1/quartus/libraries/megafunctions/lpm_constant.inc     ;         ;
; db/decode_oif.tdf                                            ; yes             ; Auto-Generated Megafunction  ; C:/Users/Kauan/Documents/OAC/greybox_tmp/greybox_tmp/db/decode_oif.tdf ;         ;
; db/cmpr_jlc.tdf                                              ; yes             ; Auto-Generated Megafunction  ; C:/Users/Kauan/Documents/OAC/greybox_tmp/greybox_tmp/db/cmpr_jlc.tdf   ;         ;
+--------------------------------------------------------------+-----------------+------------------------------+------------------------------------------------------------------------+---------+


+-------------------------------------------------------------------+
; Parameter Settings for User Entity Instance: lpm_ram_dq:mgl_prim1 ;
+------------------------+------------+-----------------------------+
; Parameter Name         ; Value      ; Type                        ;
+------------------------+------------+-----------------------------+
; LPM_WIDTH              ; 8          ; Signed Integer              ;
; LPM_WIDTHAD            ; 8          ; Signed Integer              ;
; LPM_NUMWORDS           ; 256        ; Untyped                     ;
; LPM_INDATA             ; REGISTERED ; Untyped                     ;
; LPM_ADDRESS_CONTROL    ; REGISTERED ; Untyped                     ;
; LPM_OUTDATA            ; REGISTERED ; Untyped                     ;
; LPM_FILE               ; UNUSED     ; Untyped                     ;
; USE_EAB                ; ON         ; Untyped                     ;
; DEVICE_FAMILY          ; MAX3000A   ; Untyped                     ;
; CBXI_PARAMETER         ; NOTHING    ; Untyped                     ;
; AUTO_CARRY_CHAINS      ; ON         ; AUTO_CARRY                  ;
; IGNORE_CARRY_BUFFERS   ; OFF        ; IGNORE_CARRY                ;
; AUTO_CASCADE_CHAINS    ; ON         ; AUTO_CASCADE                ;
; IGNORE_CASCADE_BUFFERS ; OFF        ; IGNORE_CASCADE              ;
+------------------------+------------+-----------------------------+
Note: In order to hide this table in the UI and the text report file, please set the "Show Parameter Settings in Synthesis Report" option in "Analysis and Synthesis Settings -> More Settings" to "Off".


+-------------------------------+
; Analysis & Synthesis Messages ;
+-------------------------------+
Info: *******************************************************************
Info: Running Quartus II 64-Bit Analysis & Synthesis
    Info: Version 13.0.1 Build 232 06/12/2013 Service Pack 1 SJ Web Edition
    Info: Copyright (C) 1991-2013 Altera Corporation. All rights reserved.
    Info: Your use of Altera Corporation's design tools, logic functions 
    Info: and other software and tools, and its AMPP partner logic 
    Info: functions, and any output files from any of the foregoing 
    Info: (including device programming or simulation files), and any 
    Info: associated documentation or information are expressly subject 
    Info: to the terms and conditions of the Altera Program License 
    Info: Subscription Agreement, Altera MegaCore Function License 
    Info: Agreement, or other applicable license agreement, including, 
    Info: without limitation, that your use is for the sole purpose of 
    Info: programming logic devices manufactured by Altera and sold by 
    Info: Altera or its authorized distributors.  Please refer to the 
    Info: applicable agreement for further details.
    Info: Processing started: Sun Feb 02 14:48:19 2025
Info: Command: quartus_map mgbll --source=C:\Users\Kauan\Documents\OAC\greybox_tmp/greybox_tmp/mgbll.v --ini=greybox_disable_cut_checks=on --family=MAX3000A
Warning (20028): Parallel compilation is not licensed and has been disabled
Info (12021): Found 1 design units, including 1 entities, in source file mgbll.v
    Info (12023): Found entity 1: mgbll
Info (12127): Elaborating entity "mgbll" for the top level hierarchy
Info (12128): Elaborating entity "lpm_ram_dq" for hierarchy "lpm_ram_dq:mgl_prim1"
Info (12130): Elaborated megafunction instantiation "lpm_ram_dq:mgl_prim1"
Info (12133): Instantiated megafunction "lpm_ram_dq:mgl_prim1" with the following parameter:
    Info (12134): Parameter "intended_device_family" = "MAX3000A"
    Info (12134): Parameter "lpm_address_control" = "REGISTERED"
    Info (12134): Parameter "lpm_indata" = "REGISTERED"
    Info (12134): Parameter "lpm_outdata" = "REGISTERED"
    Info (12134): Parameter "lpm_width" = "8"
    Info (12134): Parameter "lpm_widthad" = "8"
Info (12128): Elaborating entity "altram" for hierarchy "lpm_ram_dq:mgl_prim1|altram:sram"
Warning (287001): Assertion warning: Current device family (MAX3000A) does not support synchronous RAM -- implementing the synchronous RAM as a DFFE array instead
Info (12131): Elaborated megafunction instantiation "lpm_ram_dq:mgl_prim1|altram:sram", which is child of megafunction instantiation "lpm_ram_dq:mgl_prim1"
Info (12128): Elaborating entity "lpm_mux" for hierarchy "lpm_ram_dq:mgl_prim1|altram:sram|lpm_mux:mux"
Info (12131): Elaborated megafunction instantiation "lpm_ram_dq:mgl_prim1|altram:sram|lpm_mux:mux", which is child of megafunction instantiation "lpm_ram_dq:mgl_prim1"
Info (12128): Elaborating entity "bypassff" for hierarchy "lpm_ram_dq:mgl_prim1|altram:sram|lpm_mux:mux|bypassff:sel_latency_ff[2]"
Info (12131): Elaborated megafunction instantiation "lpm_ram_dq:mgl_prim1|altram:sram|lpm_mux:mux|bypassff:sel_latency_ff[2]", which is child of megafunction instantiation "lpm_ram_dq:mgl_prim1"
Info (12128): Elaborating entity "bypassff" for hierarchy "lpm_ram_dq:mgl_prim1|altram:sram|lpm_mux:mux|bypassff:sel_latency_ff[1]"
Info (12131): Elaborated megafunction instantiation "lpm_ram_dq:mgl_prim1|altram:sram|lpm_mux:mux|bypassff:sel_latency_ff[1]", which is child of megafunction instantiation "lpm_ram_dq:mgl_prim1"
Info (12128): Elaborating entity "altshift" for hierarchy "lpm_ram_dq:mgl_prim1|altram:sram|lpm_mux:mux|altshift:external_latency_ffs"
Info (12131): Elaborated megafunction instantiation "lpm_ram_dq:mgl_prim1|altram:sram|lpm_mux:mux|altshift:external_latency_ffs", which is child of megafunction instantiation "lpm_ram_dq:mgl_prim1"
Info (12128): Elaborating entity "muxlut" for hierarchy "lpm_ram_dq:mgl_prim1|altram:sram|lpm_mux:mux|muxlut:$00010"
Info (12131): Elaborated megafunction instantiation "lpm_ram_dq:mgl_prim1|altram:sram|lpm_mux:mux|muxlut:$00010", which is child of megafunction instantiation "lpm_ram_dq:mgl_prim1"
Info (12128): Elaborating entity "muxlut" for hierarchy "lpm_ram_dq:mgl_prim1|altram:sram|lpm_mux:mux|muxlut:$00010|muxlut:$00012"
Info (12131): Elaborated megafunction instantiation "lpm_ram_dq:mgl_prim1|altram:sram|lpm_mux:mux|muxlut:$00010|muxlut:$00012", which is child of megafunction instantiation "lpm_ram_dq:mgl_prim1"
Info (12128): Elaborating entity "muxlut" for hierarchy "lpm_ram_dq:mgl_prim1|altram:sram|lpm_mux:mux|muxlut:$00010|muxlut:$00012|muxlut:$00012"
Info (12131): Elaborated megafunction instantiation "lpm_ram_dq:mgl_prim1|altram:sram|lpm_mux:mux|muxlut:$00010|muxlut:$00012|muxlut:$00012", which is child of megafunction instantiation "lpm_ram_dq:mgl_prim1"
Info (12128): Elaborating entity "muxlut" for hierarchy "lpm_ram_dq:mgl_prim1|altram:sram|lpm_mux:mux|muxlut:$00010|muxlut:$00012|muxlut:$00012|muxlut:$00012"
Info (12131): Elaborated megafunction instantiation "lpm_ram_dq:mgl_prim1|altram:sram|lpm_mux:mux|muxlut:$00010|muxlut:$00012|muxlut:$00012|muxlut:$00012", which is child of megafunction instantiation "lpm_ram_dq:mgl_prim1"
Info (12128): Elaborating entity "muxlut" for hierarchy "lpm_ram_dq:mgl_prim1|altram:sram|lpm_mux:mux|muxlut:$00010|muxlut:$00012|muxlut:$00012|muxlut:$00020"
Info (12131): Elaborated megafunction instantiation "lpm_ram_dq:mgl_prim1|altram:sram|lpm_mux:mux|muxlut:$00010|muxlut:$00012|muxlut:$00012|muxlut:$00020", which is child of megafunction instantiation "lpm_ram_dq:mgl_prim1"
Info (12128): Elaborating entity "muxlut" for hierarchy "lpm_ram_dq:mgl_prim1|altram:sram|lpm_mux:mux|muxlut:$00010|muxlut:$00012|muxlut:$00020"
Info (12131): Elaborated megafunction instantiation "lpm_ram_dq:mgl_prim1|altram:sram|lpm_mux:mux|muxlut:$00010|muxlut:$00012|muxlut:$00020", which is child of megafunction instantiation "lpm_ram_dq:mgl_prim1"
Info (12128): Elaborating entity "muxlut" for hierarchy "lpm_ram_dq:mgl_prim1|altram:sram|lpm_mux:mux|muxlut:$00010|muxlut:$00020"
Info (12131): Elaborated megafunction instantiation "lpm_ram_dq:mgl_prim1|altram:sram|lpm_mux:mux|muxlut:$00010|muxlut:$00020", which is child of megafunction instantiation "lpm_ram_dq:mgl_prim1"
Info (12128): Elaborating entity "lpm_decode" for hierarchy "lpm_ram_dq:mgl_prim1|altram:sram|lpm_decode:decode"
Info (12131): Elaborated megafunction instantiation "lpm_ram_dq:mgl_prim1|altram:sram|lpm_decode:decode", which is child of megafunction instantiation "lpm_ram_dq:mgl_prim1"
Info (12021): Found 1 design units, including 1 entities, in source file db/decode_oif.tdf
    Info (12023): Found entity 1: decode_oif
Info (12128): Elaborating entity "decode_oif" for hierarchy "lpm_ram_dq:mgl_prim1|altram:sram|lpm_decode:decode|decode_oif:auto_generated"
Info (12021): Found 1 design units, including 1 entities, in source file db/cmpr_jlc.tdf
    Info (12023): Found entity 1: cmpr_jlc
Info (12128): Elaborating entity "cmpr_jlc" for hierarchy "lpm_ram_dq:mgl_prim1|altram:sram|lpm_decode:decode|decode_oif:auto_generated|cmpr_jlc:cmpr1"
Error (280010): Can't fit 2064 registers in device
Error: Quartus II 64-Bit Analysis & Synthesis was unsuccessful. 1 error, 2 warnings
    Error: Peak virtual memory: 4591 megabytes
    Error: Processing ended: Sun Feb 02 14:48:27 2025
    Error: Elapsed time: 00:00:08
    Error: Total CPU time (on all processors): 00:00:08


